{"message":"associated type `Item` not found for `futures::Future`","code":{"code":"E0220","explanation":"The associated type used was not defined in the trait.\n\nErroneous code example:\n\n```compile_fail,E0220\ntrait T1 {\n    type Bar;\n}\n\ntype Foo = T1<F=i32>; // error: associated type `F` not found for `T1`\n\n// or:\n\ntrait T2 {\n    type Bar;\n\n    // error: Baz is used but not declared\n    fn return_bool(&self, _: &Self::Bar, _: &Self::Baz) -> bool;\n}\n```\n\nMake sure that you have defined the associated type in the trait body.\nAlso, verify that you used the right trait or you didn't misspell the\nassociated type name. Example:\n\n```\ntrait T1 {\n    type Bar;\n}\n\ntype Foo = T1<Bar=i32>; // ok!\n\n// or:\n\ntrait T2 {\n    type Bar;\n    type Baz; // we declare `Baz` in our trait.\n\n    // and now we can use it here:\n    fn return_bool(&self, _: &Self::Bar, _: &Self::Baz) -> bool;\n}\n```\n"},"level":"error","spans":[{"file_name":"tests/app.rs","byte_start":618,"byte_end":622,"line_start":25,"line_end":25,"column_start":32,"column_end":36,"is_primary":true,"text":[{"text":"fn async_test() -> impl Future<Item = (), Error = JsValue> {","highlight_start":32,"highlight_end":36}],"label":"associated type `Item` not found","suggested_replacement":null,"suggestion_applicability":null,"expansion":null}],"children":[],"rendered":"\u001b[0m\u001b[1m\u001b[38;5;9merror[E0220]\u001b[0m\u001b[0m\u001b[1m: associated type `Item` not found for `futures::Future`\u001b[0m\n\u001b[0m  \u001b[0m\u001b[0m\u001b[1m\u001b[38;5;12m--> \u001b[0m\u001b[0mtests/app.rs:25:32\u001b[0m\n\u001b[0m   \u001b[0m\u001b[0m\u001b[1m\u001b[38;5;12m|\u001b[0m\n\u001b[0m\u001b[1m\u001b[38;5;12m25\u001b[0m\u001b[0m \u001b[0m\u001b[0m\u001b[1m\u001b[38;5;12m|\u001b[0m\u001b[0m \u001b[0m\u001b[0mfn async_test() -> impl Future<Item = (), Error = JsValue> {\u001b[0m\n\u001b[0m   \u001b[0m\u001b[0m\u001b[1m\u001b[38;5;12m| \u001b[0m\u001b[0m                               \u001b[0m\u001b[0m\u001b[1m\u001b[38;5;9m^^^^\u001b[0m\u001b[0m \u001b[0m\u001b[0m\u001b[1m\u001b[38;5;9massociated type `Item` not found\u001b[0m\n\n"}
{"message":"associated type `Error` not found for `futures::Future`","code":{"code":"E0220","explanation":"The associated type used was not defined in the trait.\n\nErroneous code example:\n\n```compile_fail,E0220\ntrait T1 {\n    type Bar;\n}\n\ntype Foo = T1<F=i32>; // error: associated type `F` not found for `T1`\n\n// or:\n\ntrait T2 {\n    type Bar;\n\n    // error: Baz is used but not declared\n    fn return_bool(&self, _: &Self::Bar, _: &Self::Baz) -> bool;\n}\n```\n\nMake sure that you have defined the associated type in the trait body.\nAlso, verify that you used the right trait or you didn't misspell the\nassociated type name. Example:\n\n```\ntrait T1 {\n    type Bar;\n}\n\ntype Foo = T1<Bar=i32>; // ok!\n\n// or:\n\ntrait T2 {\n    type Bar;\n    type Baz; // we declare `Baz` in our trait.\n\n    // and now we can use it here:\n    fn return_bool(&self, _: &Self::Bar, _: &Self::Baz) -> bool;\n}\n```\n"},"level":"error","spans":[{"file_name":"tests/app.rs","byte_start":629,"byte_end":634,"line_start":25,"line_end":25,"column_start":43,"column_end":48,"is_primary":true,"text":[{"text":"fn async_test() -> impl Future<Item = (), Error = JsValue> {","highlight_start":43,"highlight_end":48}],"label":"associated type `Error` not found","suggested_replacement":null,"suggestion_applicability":null,"expansion":null}],"children":[],"rendered":"\u001b[0m\u001b[1m\u001b[38;5;9merror[E0220]\u001b[0m\u001b[0m\u001b[1m: associated type `Error` not found for `futures::Future`\u001b[0m\n\u001b[0m  \u001b[0m\u001b[0m\u001b[1m\u001b[38;5;12m--> \u001b[0m\u001b[0mtests/app.rs:25:43\u001b[0m\n\u001b[0m   \u001b[0m\u001b[0m\u001b[1m\u001b[38;5;12m|\u001b[0m\n\u001b[0m\u001b[1m\u001b[38;5;12m25\u001b[0m\u001b[0m \u001b[0m\u001b[0m\u001b[1m\u001b[38;5;12m|\u001b[0m\u001b[0m \u001b[0m\u001b[0mfn async_test() -> impl Future<Item = (), Error = JsValue> {\u001b[0m\n\u001b[0m   \u001b[0m\u001b[0m\u001b[1m\u001b[38;5;12m| \u001b[0m\u001b[0m                                          \u001b[0m\u001b[0m\u001b[1m\u001b[38;5;9m^^^^^\u001b[0m\u001b[0m \u001b[0m\u001b[0m\u001b[1m\u001b[38;5;9massociated type `Error` not found\u001b[0m\n\n"}
{"message":"aborting due to 2 previous errors","code":null,"level":"error","spans":[],"children":[],"rendered":"\u001b[0m\u001b[1m\u001b[38;5;9merror\u001b[0m\u001b[0m\u001b[1m: aborting due to 2 previous errors\u001b[0m\n\n"}
{"message":"For more information about this error, try `rustc --explain E0220`.","code":null,"level":"failure-note","spans":[],"children":[],"rendered":"\u001b[0m\u001b[1mFor more information about this error, try `rustc --explain E0220`.\u001b[0m\n"}
